<?xml version='1.0' encoding='UTF-8'?>
<testsuite hostname="JPS" name="PalindromeTest" tests="4" errors="0" failures="0" skipped="0" time="0.03">
                     <properties>
[...]
</properties>
                     <testcase classname="PalindromeTest" name="Palindrome Test should return true when the word is palindrome" time="0.025">
                                                 
                                               </testcase><testcase classname="PalindromeTest" name="Palindrome Test should return false when the word is palindrome" time="0.0">
                                                 
                                               </testcase><testcase classname="PalindromeTest" name="Palindrome Test should find all unique palindromes in given word" time="0.002">
                                                 
                                               </testcase><testcase classname="PalindromeTest" name="Palindrome Test should sort by the length of the text" time="0.003">
                                                 
                                               </testcase>
                     <system-out></system-out>
                     <system-err></system-err>
                   </testsuite>